Vivado Simulator 2017.4
Copyright 1986-1999, 2001-2016 Xilinx, Inc. All Rights Reserved.
Running: D:/Vivado/2017.4/bin/unwrapped/win64.o/xelab.exe -wto 77b7a39bfd514d258e0a5195eabd32d9 --incr --debug typical --relax --mt 2 -L xil_defaultlib -L blk_mem_gen_v8_4_1 -L unisims_ver -L unimacro_ver -L secureip -L xpm --snapshot top_tb_behav xil_defaultlib.top_tb xil_defaultlib.glbl -log elaborate.log 
Using 2 slave threads.
Starting static elaboration
WARNING: [VRFC 10-278] actual bit length 16 differs from formal bit length 32 for port HI [D:/Digital_Design_Lab/without_output/without_output.srcs/sources_1/imports/new/CPU_TOP.v:172]
WARNING: [VRFC 10-278] actual bit length 16 differs from formal bit length 32 for port ALU_Hi [D:/Digital_Design_Lab/without_output/without_output.srcs/sources_1/imports/new/CPU_TOP.v:185]
WARNING: [VRFC 10-1783] select index 62 into current_contents is out of bounds [/wrk/2017.4/nightly/2017_12_15_2086221/packages/customer/vivado/data/ip/xilinx/blk_mem_gen_v8_4/simulation/blk_mem_gen_v8_4.v:2420]
Completed static elaboration
Starting simulation data flow analysis
Completed simulation data flow analysis
Time Resolution for simulation is 1ps
Compiling module unisims_ver.BUFG
Compiling module xil_defaultlib.uart_bmpg
Compiling module xil_defaultlib.upg
Compiling module xil_defaultlib.uart_bmpg_0
Compiling module xil_defaultlib.control32
Compiling module blk_mem_gen_v8_4_1.blk_mem_gen_v8_4_1_output_stage(...
Compiling module blk_mem_gen_v8_4_1.blk_mem_gen_v8_4_1_output_stage(...
Compiling module blk_mem_gen_v8_4_1.blk_mem_gen_v8_4_1_softecc_outpu...
Compiling module blk_mem_gen_v8_4_1.blk_mem_gen_v8_4_1_mem_module(C_...
Compiling module blk_mem_gen_v8_4_1.blk_mem_gen_v8_4_1(C_FAMILY="art...
Compiling module xil_defaultlib.RAM
Compiling module xil_defaultlib.dmemory32
Compiling module xil_defaultlib.executs32
Compiling module xil_defaultlib.decode32
Compiling module blk_mem_gen_v8_4_1.blk_mem_gen_v8_4_1_mem_module(C_...
Compiling module blk_mem_gen_v8_4_1.blk_mem_gen_v8_4_1(C_FAMILY="art...
Compiling module xil_defaultlib.prgrom
Compiling module xil_defaultlib.programrom
Compiling module xil_defaultlib.Ifetc32
Compiling module xil_defaultlib.MemOrIO
Compiling module xil_defaultlib.LED
Compiling module xil_defaultlib.Switch
Compiling module unisims_ver.PLLE2_ADV(CLKFBOUT_MULT=46,CLKIN...
Compiling module xil_defaultlib.cpuclk_clk_wiz
Compiling module xil_defaultlib.cpuclk
Compiling module xil_defaultlib.ButtonVibration
Compiling module xil_defaultlib.Light
Compiling module xil_defaultlib.CPU_TOP
Compiling module xil_defaultlib.top_tb
Compiling module xil_defaultlib.glbl
Built simulation snapshot top_tb_behav
