Copyright 1986-2017 Xilinx, Inc. All Rights Reserved.
-------------------------------------------------------------------------------------------------------------------------------------------
| Tool Version     : Vivado v.2017.4 (win64) Build 2086221 Fri Dec 15 20:55:39 MST 2017
| Date             : Fri May 26 15:17:08 2023
| Host             : LAPTOPGV467QMQ running 64-bit major release  (build 9200)
| Command          : report_power -file CPU_TOP_power_routed.rpt -pb CPU_TOP_power_summary_routed.pb -rpx CPU_TOP_power_routed.rpx
| Design           : CPU_TOP
| Device           : xc7a100tfgg484-1
| Design State     : routed
| Grade            : commercial
| Process          : typical
| Characterization : Production
-------------------------------------------------------------------------------------------------------------------------------------------

Power Report

Table of Contents
-----------------
1. Summary
1.1 On-Chip Components
1.2 Power Supply Summary
1.3 Confidence Level
2. Settings
2.1 Environment
2.2 Clock Constraints
3. Detailed Reports
3.1 By Hierarchy

1. Summary
----------

+--------------------------+-----------------------------------+
| Total On-Chip Power (W)  | 253.842 (Junction temp exceeded!) |
| Design Power Budget (W)  | Unspecified*                      |
| Power Budget Margin (W)  | NA                                |
| Dynamic (W)              | 253.028                           |
| Device Static (W)        | 0.815                             |
| Effective TJA (C/W)      | 2.7                               |
| Max Ambient (C)          | 0.0                               |
| Junction Temperature (C) | 125.0                             |
| Confidence Level         | Low                               |
| Setting File             | ---                               |
| Simulation Activity File | ---                               |
| Design Nets Matched      | NA                                |
+--------------------------+-----------------------------------+
* Specify Design Power Budget using, set_operating_conditions -design_power_budget <value in Watts>


1.1 On-Chip Components
----------------------

+-------------------------+-----------+----------+-----------+-----------------+
| On-Chip                 | Power (W) | Used     | Available | Utilization (%) |
+-------------------------+-----------+----------+-----------+-----------------+
| Slice Logic             |   113.643 |    10818 |       --- |             --- |
|   LUT as Logic          |   103.757 |     6959 |     63400 |           10.98 |
|   CARRY4                |     9.402 |     1256 |     15850 |            7.92 |
|   F7/F8 Muxes           |     0.285 |      327 |     63400 |            0.52 |
|   Register              |     0.172 |     1619 |    126800 |            1.28 |
|   BUFG                  |     0.027 |        5 |        32 |           15.63 |
|   LUT as Shift Register |    <0.001 |       10 |     19000 |            0.05 |
|   Others                |     0.000 |      132 |       --- |             --- |
| Signals                 |   120.325 |     9958 |       --- |             --- |
| Block RAM               |     1.878 |       29 |       135 |           21.48 |
| PLL                     |     3.723 |        1 |         6 |           16.67 |
| DSPs                    |     6.593 |        7 |       240 |            2.92 |
| I/O                     |     6.866 |       70 |       285 |           24.56 |
| Static Power            |     0.815 |          |           |                 |
| Total                   |   253.842 |          |           |                 |
+-------------------------+-----------+----------+-----------+-----------------+


1.2 Power Supply Summary
------------------------

+-----------+-------------+-----------+-------------+------------+
| Source    | Voltage (V) | Total (A) | Dynamic (A) | Static (A) |
+-----------+-------------+-----------+-------------+------------+
| Vccint    |       1.000 |   243.489 |     242.918 |      0.572 |
| Vccaux    |       1.800 |     2.119 |       2.027 |      0.093 |
| Vcco33    |       3.300 |     1.915 |       1.911 |      0.004 |
| Vcco25    |       2.500 |     0.000 |       0.000 |      0.000 |
| Vcco18    |       1.800 |     0.000 |       0.000 |      0.000 |
| Vcco15    |       1.500 |     0.000 |       0.000 |      0.000 |
| Vcco135   |       1.350 |     0.000 |       0.000 |      0.000 |
| Vcco12    |       1.200 |     0.000 |       0.000 |      0.000 |
| Vccaux_io |       1.800 |     0.000 |       0.000 |      0.000 |
| Vccbram   |       1.000 |     0.184 |       0.157 |      0.027 |
| MGTAVcc   |       1.000 |     0.000 |       0.000 |      0.000 |
| MGTAVtt   |       1.200 |     0.000 |       0.000 |      0.000 |
| Vccadc    |       1.800 |     0.020 |       0.000 |      0.020 |
+-----------+-------------+-----------+-------------+------------+


1.3 Confidence Level
--------------------

+-----------------------------+------------+--------------------------------------------------------+--------------------------------------------------------------------------------------------------------------------+
| User Input Data             | Confidence | Details                                                | Action                                                                                                             |
+-----------------------------+------------+--------------------------------------------------------+--------------------------------------------------------------------------------------------------------------------+
| Design implementation state | High       | Design is routed                                       |                                                                                                                    |
| Clock nodes activity        | Low        | User specified less than 75% of clocks                 | Provide missing clock activity with a constraint file, simulation results or by editing the "By Clock Domain" view |
| I/O nodes activity          | Low        | More than 75% of inputs are missing user specification | Provide missing input activity with simulation results or by editing the "By Resource Type -> I/Os" view           |
| Internal nodes activity     | Medium     | User specified less than 25% of internal nodes         | Provide missing internal nodes activity with simulation results or by editing the "By Resource Type" views         |
| Device models               | High       | Device models are Production                           |                                                                                                                    |
|                             |            |                                                        |                                                                                                                    |
| Overall confidence level    | Low        |                                                        |                                                                                                                    |
+-----------------------------+------------+--------------------------------------------------------+--------------------------------------------------------------------------------------------------------------------+


2. Settings
-----------

2.1 Environment
---------------

+-----------------------+--------------------------+
| Ambient Temp (C)      | 25.0                     |
| ThetaJA (C/W)         | 2.7                      |
| Airflow (LFM)         | 250                      |
| Heat Sink             | medium (Medium Profile)  |
| ThetaSA (C/W)         | 4.6                      |
| Board Selection       | medium (10"x10")         |
| # of Board Layers     | 12to15 (12 to 15 Layers) |
| Board Temperature (C) | 25.0                     |
+-----------------------+--------------------------+


2.2 Clock Constraints
---------------------

+-------+--------+-----------------+
| Clock | Domain | Constraint (ns) |
+-------+--------+-----------------+


3. Detailed Reports
-------------------

3.1 By Hierarchy
----------------

+---------------------------------------------------------------------------------+-----------+
| Name                                                                            | Power (W) |
+---------------------------------------------------------------------------------+-----------+
| CPU_TOP                                                                         |   253.027 |
|   Ifetc                                                                         |     1.550 |
|   Led                                                                           |    <0.001 |
|   alu                                                                           |   113.763 |
|   bt                                                                            |     0.029 |
|   clk1                                                                          |     3.878 |
|     inst                                                                        |     3.878 |
|   decoder                                                                       |    27.012 |
|   dmem                                                                          |     2.080 |
|     ram                                                                         |     1.981 |
|       U0                                                                        |     1.981 |
|         inst_blk_mem_gen                                                        |     1.981 |
|           gnbram.gnativebmg.native_blk_mem_gen                                  |     1.981 |
|             valid.cstr                                                          |     1.981 |
|               bindec_a.bindec_inst_a                                            |     0.066 |
|               has_mux_a.A                                                       |     0.659 |
|               ramloop[0].ram.r                                                  |     0.086 |
|                 prim_init.ram                                                   |     0.086 |
|               ramloop[10].ram.r                                                 |     0.026 |
|                 prim_init.ram                                                   |     0.026 |
|               ramloop[11].ram.r                                                 |     0.100 |
|                 prim_init.ram                                                   |     0.100 |
|               ramloop[12].ram.r                                                 |     0.054 |
|                 prim_init.ram                                                   |     0.054 |
|               ramloop[13].ram.r                                                 |     0.056 |
|                 prim_init.ram                                                   |     0.056 |
|               ramloop[14].ram.r                                                 |     0.029 |
|                 prim_init.ram                                                   |     0.029 |
|               ramloop[1].ram.r                                                  |     0.190 |
|                 prim_init.ram                                                   |     0.190 |
|               ramloop[2].ram.r                                                  |     0.192 |
|                 prim_init.ram                                                   |     0.192 |
|               ramloop[3].ram.r                                                  |     0.104 |
|                 prim_init.ram                                                   |     0.104 |
|               ramloop[4].ram.r                                                  |     0.094 |
|                 prim_init.ram                                                   |     0.094 |
|               ramloop[5].ram.r                                                  |     0.089 |
|                 prim_init.ram                                                   |     0.089 |
|               ramloop[6].ram.r                                                  |     0.028 |
|                 prim_init.ram                                                   |     0.028 |
|               ramloop[7].ram.r                                                  |     0.107 |
|                 prim_init.ram                                                   |     0.107 |
|               ramloop[8].ram.r                                                  |     0.051 |
|                 prim_init.ram                                                   |     0.051 |
|               ramloop[9].ram.r                                                  |     0.049 |
|                 prim_init.ram                                                   |     0.049 |
|   light                                                                         |     0.355 |
|   prgrom                                                                        |    96.330 |
|     instmem                                                                     |     8.149 |
|       U0                                                                        |     8.149 |
|         inst_blk_mem_gen                                                        |     8.149 |
|           gnbram.gnativebmg.native_blk_mem_gen                                  |     8.149 |
|             valid.cstr                                                          |     8.149 |
|               bindec_a.bindec_inst_a                                            |     0.032 |
|               has_mux_a.A                                                       |     5.644 |
|               ramloop[0].ram.r                                                  |     0.492 |
|                 prim_init.ram                                                   |     0.492 |
|               ramloop[10].ram.r                                                 |     0.006 |
|                 prim_init.ram                                                   |     0.006 |
|               ramloop[11].ram.r                                                 |     0.173 |
|                 prim_init.ram                                                   |     0.173 |
|               ramloop[12].ram.r                                                 |     0.029 |
|                 prim_init.ram                                                   |     0.029 |
|               ramloop[13].ram.r                                                 |     0.031 |
|                 prim_init.ram                                                   |     0.031 |
|               ramloop[14].ram.r                                                 |     0.007 |
|                 prim_init.ram                                                   |     0.007 |
|               ramloop[1].ram.r                                                  |     0.788 |
|                 prim_init.ram                                                   |     0.788 |
|               ramloop[2].ram.r                                                  |     0.421 |
|                 prim_init.ram                                                   |     0.421 |
|               ramloop[3].ram.r                                                  |     0.185 |
|                 prim_init.ram                                                   |     0.185 |
|               ramloop[4].ram.r                                                  |     0.046 |
|                 prim_init.ram                                                   |     0.046 |
|               ramloop[5].ram.r                                                  |     0.048 |
|                 prim_init.ram                                                   |     0.048 |
|               ramloop[6].ram.r                                                  |     0.006 |
|                 prim_init.ram                                                   |     0.006 |
|               ramloop[7].ram.r                                                  |     0.180 |
|                 prim_init.ram                                                   |     0.180 |
|               ramloop[8].ram.r                                                  |     0.029 |
|                 prim_init.ram                                                   |     0.029 |
|               ramloop[9].ram.r                                                  |     0.032 |
|                 prim_init.ram                                                   |     0.032 |
|   switch                                                                        |     0.019 |
|   uart                                                                          |     1.301 |
|     inst                                                                        |     1.301 |
|       upg_inst                                                                  |     1.301 |
|         axi_uart_inst                                                           |     0.208 |
|           U0                                                                    |     0.208 |
|             AXI_LITE_IPIF_I                                                     |     0.077 |
|               I_SLAVE_ATTACHMENT                                                |     0.077 |
|                 I_DECODER                                                       |     0.032 |
|                   MEM_DECODE_GEN[0].PER_CE_GEN[0].MULTIPLE_CES_THIS_CS_GEN.CE_I |    <0.001 |
|                   MEM_DECODE_GEN[0].PER_CE_GEN[2].MULTIPLE_CES_THIS_CS_GEN.CE_I |    <0.001 |
|             UARTLITE_CORE_I                                                     |     0.131 |
|               BAUD_RATE_I                                                       |     0.028 |
|               UARTLITE_RX_I                                                     |     0.052 |
|                 DELAY_16_I                                                      |     0.011 |
|                 INPUT_DOUBLE_REGS3                                              |     0.010 |
|                 SRL_FIFO_I                                                      |     0.017 |
|                   I_SRL_FIFO_RBU_F                                              |     0.017 |
|                     CNTR_INCR_DECR_ADDN_F_I                                     |     0.016 |
|                     DYNSHREG_F_I                                                |    <0.001 |
|               UARTLITE_TX_I                                                     |     0.049 |
|                 MID_START_BIT_SRL16_I                                           |     0.001 |
|                 SRL_FIFO_I                                                      |     0.025 |
|                   I_SRL_FIFO_RBU_F                                              |     0.025 |
|                     CNTR_INCR_DECR_ADDN_F_I                                     |     0.018 |
|                     DYNSHREG_F_I                                                |     0.007 |
+---------------------------------------------------------------------------------+-----------+


